<?xml version="1.0" encoding="UTF-8"?>
<!-- Generated by org.testng.reporters.JUnitReportReporter -->
<testsuite hostname="HP_Prameela" failures="0" tests="1" name="com.ecom.products.CartTest" time="11.173" errors="0" timestamp="2025-03-13T22:23:42 IST" skipped="0">
  <testcase classname="com.ecom.products.CartTest" name="toverifycartItemsTest" time="11.173"/>
  <system-out/>
</testsuite> <!-- com.ecom.products.CartTest -->
