<?xml version="1.0" encoding="UTF-8"?>
<!-- Generated by org.testng.reporters.JUnitReportReporter -->
<testsuite hostname="HP_Prameela" failures="0" tests="1" name="com.ecom.products.TransactionpageTest" time="13.174" errors="0" timestamp="2025-03-17T14:24:22 IST" skipped="0">
  <testcase classname="com.ecom.products.TransactionpageTest" name="tocheckNavigationToTransactionpageTest" time="13.174"/>
  <system-out/>
</testsuite> <!-- com.ecom.products.TransactionpageTest -->
