<?xml version="1.0" encoding="UTF-8"?>
<!-- Generated by org.testng.reporters.JUnitReportReporter -->
<testsuite hostname="HP_Prameela" failures="0" tests="4" name="com.ecom.products.CustomerTest" time="117.354" errors="0" timestamp="2025-03-17T14:24:22 IST" skipped="0">
  <testcase classname="com.ecom.products.CustomerTest" name="tocheckNavigationToProductspagepageTest" time="11.355"/>
  <system-out/>
  <testcase classname="com.ecom.products.CustomerTest" name="toverifyCustomerpageTest" time="13.678"/>
  <system-out/>
  <testcase classname="com.ecom.products.CustomerTest" name="TocheckupdatedCustomerInfoTest" time="19.279"/>
  <system-out/>
  <testcase classname="com.ecom.products.CustomerTest" name="endToend_toverifyCustomerInfoTest" time="73.042"/>
  <system-out/>
</testsuite> <!-- com.ecom.products.CustomerTest -->
