<?xml version="1.0" encoding="UTF-8"?>
<!-- Generated by org.testng.reporters.JUnitReportReporter -->
<testsuite hostname="HP_Prameela" failures="0" tests="1" name="com.ecom.products.MessagesTest" time="31.186" errors="0" timestamp="2025-03-17T17:09:04 IST" skipped="0">
  <testcase classname="com.ecom.products.MessagesTest" name="toverifyMessagesTest" time="31.186"/>
  <system-out/>
</testsuite> <!-- com.ecom.products.MessagesTest -->
