<?xml version="1.0" encoding="UTF-8"?>
<!-- Generated by org.testng.reporters.JUnitReportReporter -->
<testsuite hostname="HP_Prameela" failures="0" tests="1" name="com.ecom.products.TransactionpageTest" time="2.595" errors="0" timestamp="2025-03-13T22:23:42 IST" skipped="0">
  <testcase classname="com.ecom.products.TransactionpageTest" name="tocheckNavigationToTransactionpageTest" time="2.595"/>
  <system-out/>
</testsuite> <!-- com.ecom.products.TransactionpageTest -->
