<?xml version="1.0" encoding="UTF-8"?>
<!-- Generated by org.testng.reporters.JUnitReportReporter -->
<testsuite hostname="HP_Prameela" failures="0" tests="4" name="com.ecom.products.CustomerTest" time="123.823" errors="0" timestamp="2025-03-17T16:38:58 IST" skipped="0">
  <testcase classname="com.ecom.products.CustomerTest" name="tocheckNavigationToProductspagepageTest" time="11.574"/>
  <system-out/>
  <testcase classname="com.ecom.products.CustomerTest" name="endToend_toverifyCustomerInfoTest" time="75.118"/>
  <system-out/>
  <testcase classname="com.ecom.products.CustomerTest" name="TocheckupdatedCustomerInfoTest" time="19.159"/>
  <system-out/>
  <testcase classname="com.ecom.products.CustomerTest" name="toverifyCustomerpageTest" time="17.972"/>
  <system-out/>
</testsuite> <!-- com.ecom.products.CustomerTest -->
