<?xml version="1.0" encoding="UTF-8"?>
<!-- Generated by org.testng.reporters.JUnitReportReporter -->
<testsuite hostname="HP_Prameela" failures="0" tests="2" name="com.ecom.products.ProductstockTest" time="62.132" errors="0" timestamp="2025-03-13T22:23:42 IST" skipped="0">
  <testcase classname="com.ecom.products.ProductstockTest" name="tocheckNavigationToProductspagepageTest" time="2.782"/>
  <system-out/>
  <testcase classname="com.ecom.products.ProductstockTest" name="tocheckAddingProdtoStockTest" time="59.350"/>
  <system-out/>
</testsuite> <!-- com.ecom.products.ProductstockTest -->
