<?xml version="1.0" encoding="UTF-8"?>
<!-- Generated by org.testng.reporters.JUnitReportReporter -->
<testsuite hostname="HP_Prameela" failures="0" tests="3" name="com.ecom.products.ProductstockTest" time="94.856" errors="0" timestamp="2025-03-17T14:24:22 IST" skipped="0">
  <testcase classname="com.ecom.products.ProductstockTest" name="tocheckAddingProdtoBasketballCategoryTest" time="16.121"/>
  <system-out/>
  <testcase classname="com.ecom.products.ProductstockTest" name="tocheckAddingProdtoStockTest" time="76.580"/>
  <system-out/>
  <testcase classname="com.ecom.products.ProductstockTest" name="tocheckNavigationToProductspagepageTest" time="2.155"/>
  <system-out/>
</testsuite> <!-- com.ecom.products.ProductstockTest -->
